# JRE version: OpenJDK Runtime Environment Temurin-17.0.11+9 (17.0.11+9) (build 17.0.11+9)
# Java VM: OpenJDK 64-Bit Server VM Temurin-17.0.11+9 (17.0.11+9, mixed mode, emulated-client, tiered, compressed oops, compressed class ptrs, g1 gc, windows-amd64)
GC Precious Log:
 CPUs: 8 total, 8 available
 Memory: 6091M
 Large Page Support: Disabled
 NUMA Support: Disabled
 Compressed Oops: Enabled (32-bit)
 Heap Region Size: 1M
 Heap Min Capacity: 8M
 Heap Initial Capacity: 96M
 Heap Max Capacity: 1G
 Pre-touch: Disabled
 Parallel Workers: 8
 Concurrent Workers: 2
 Concurrent Refinement Workers: 8
 Periodic GC: Disabled
Heap:
 garbage-first heap   total 116736K, used 38491K [0x00000000c0000000, 0x0000000100000000)
  region size 1024K, 1 young (1024K), 0 survivors (0K)
 Metaspace       used 60297K, committed 60736K, reserved 1114112K
  class space    used 7550K, committed 7744K, reserved 1048576K
GC Heap History (20 events):
Event: 38065.504 GC heap before
{Heap before GC invocations=3043 (full 2811):
 garbage-first heap   total 116736K, used 38491K [0x00000000c0000000, 0x0000000100000000)
  region size 1024K, 1 young (1024K), 0 survivors (0K)
 Metaspace       used 60297K, committed 60736K, reserved 1114112K
  class space    used 7550K, committed 7744K, reserved 1048576K
}
Event: 38065.622 GC heap after
{Heap after GC invocations=3044 (full 2812):
 garbage-first heap   total 116736K, used 38491K [0x00000000c0000000, 0x0000000100000000)
  region size 1024K, 0 young (0K), 0 survivors (0K)
 Metaspace       used 60297K, committed 60736K, reserved 1114112K
  class space    used 7550K, committed 7744K, reserved 1048576K
}
Event: 38080.973 GC heap before
{Heap before GC invocations=3044 (full 2812):
 garbage-first heap   total 116736K, used 38491K [0x00000000c0000000, 0x0000000100000000)
  region size 1024K, 1 young (1024K), 0 survivors (0K)
 Metaspace       used 60297K, committed 60736K, reserved 1114112K
  class space    used 7550K, committed 7744K, reserved 1048576K
}
Event: 38081.112 GC heap after
{Heap after GC invocations=3045 (full 2813):
 garbage-first heap   total 116736K, used 38491K [0x00000000c0000000, 0x0000000100000000)
  region size 1024K, 0 young (0K), 0 survivors (0K)
 Metaspace       used 60297K, committed 60736K, reserved 1114112K
  class space    used 7550K, committed 7744K, reserved 1048576K
}
Event: 38093.549 GC heap before
{Heap before GC invocations=3045 (full 2813):
 garbage-first heap   total 116736K, used 38491K [0x00000000c0000000, 0x0000000100000000)
  region size 1024K, 1 young (1024K), 0 survivors (0K)
 Metaspace       used 60297K, committed 60736K, reserved 1114112K
  class space    used 7550K, committed 7744K, reserved 1048576K
}
Event: 38093.689 GC heap after
{Heap after GC invocations=3046 (full 2814):
 garbage-first heap   total 116736K, used 38491K [0x00000000c0000000, 0x0000000100000000)
  region size 1024K, 0 young (0K), 0 survivors (0K)
 Metaspace       used 60297K, committed 60736K, reserved 1114112K
  class space    used 7550K, committed 7744K, reserved 1048576K
}
Event: 38106.421 GC heap before
{Heap before GC invocations=3046 (full 2814):
 garbage-first heap   total 116736K, used 38491K [0x00000000c0000000, 0x0000000100000000)
  region size 1024K, 1 young (1024K), 0 survivors (0K)
 Metaspace       used 60297K, committed 60736K, reserved 1114112K
  class space    used 7550K, committed 7744K, reserved 1048576K
}
Event: 38106.559 GC heap after
{Heap after GC invocations=3047 (full 2815):
 garbage-first heap   total 116736K, used 38491K [0x00000000c0000000, 0x0000000100000000)
  region size 1024K, 0 young (0K), 0 survivors (0K)
 Metaspace       used 60297K, committed 60736K, reserved 1114112K
  class space    used 7550K, committed 7744K, reserved 1048576K
}
Event: 38117.056 GC heap before
{Heap before GC invocations=3047 (full 2815):
 garbage-first heap   total 116736K, used 38491K [0x00000000c0000000, 0x0000000100000000)
  region size 1024K, 1 young (1024K), 0 survivors (0K)
 Metaspace       used 60297K, committed 60736K, reserved 1114112K
  class space    used 7550K, committed 7744K, reserved 1048576K
}
Event: 38117.185 GC heap after
{Heap after GC invocations=3048 (full 2816):
 garbage-first heap   total 116736K, used 38491K [0x00000000c0000000, 0x0000000100000000)
  region size 1024K, 0 young (0K), 0 survivors (0K)
 Metaspace       used 60297K, committed 60736K, reserved 1114112K
  class space    used 7550K, committed 7744K, reserved 1048576K
}
Event: 38127.986 GC heap before
{Heap before GC invocations=3048 (full 2816):
 garbage-first heap   total 116736K, used 38491K [0x00000000c0000000, 0x0000000100000000)
  region size 1024K, 1 young (1024K), 0 survivors (0K)
 Metaspace       used 60297K, committed 60736K, reserved 1114112K
  class space    used 7550K, committed 7744K, reserved 1048576K
}
Event: 38128.138 GC heap after
{Heap after GC invocations=3049 (full 2817):
 garbage-first heap   total 116736K, used 38491K [0x00000000c0000000, 0x0000000100000000)
  region size 1024K, 0 young (0K), 0 survivors (0K)
 Metaspace       used 60297K, committed 60736K, reserved 1114112K
  class space    used 7550K, committed 7744K, reserved 1048576K
}
Event: 38140.584 GC heap before
{Heap before GC invocations=3049 (full 2817):
 garbage-first heap   total 116736K, used 38491K [0x00000000c0000000, 0x0000000100000000)
  region size 1024K, 1 young (1024K), 0 survivors (0K)
 Metaspace       used 60297K, committed 60736K, reserved 1114112K
  class space    used 7550K, committed 7744K, reserved 1048576K
}
Event: 38140.748 GC heap after
{Heap after GC invocations=3050 (full 2818):
 garbage-first heap   total 116736K, used 38491K [0x00000000c0000000, 0x0000000100000000)
  region size 1024K, 0 young (0K), 0 survivors (0K)
 Metaspace       used 60297K, committed 60736K, reserved 1114112K
  class space    used 7550K, committed 7744K, reserved 1048576K
}
Event: 38151.314 GC heap before
{Heap before GC invocations=3050 (full 2818):
 garbage-first heap   total 116736K, used 38491K [0x00000000c0000000, 0x0000000100000000)
  region size 1024K, 1 young (1024K), 0 survivors (0K)
 Metaspace       used 60297K, committed 60736K, reserved 1114112K
  class space    used 7550K, committed 7744K, reserved 1048576K
}
Event: 38151.452 GC heap after
{Heap after GC invocations=3051 (full 2819):
 garbage-first heap   total 116736K, used 38491K [0x00000000c0000000, 0x0000000100000000)
  region size 1024K, 0 young (0K), 0 survivors (0K)
 Metaspace       used 60297K, committed 60736K, reserved 1114112K
  class space    used 7550K, committed 7744K, reserved 1048576K
}
Event: 38161.928 GC heap before
{Heap before GC invocations=3051 (full 2819):
 garbage-first heap   total 116736K, used 38491K [0x00000000c0000000, 0x0000000100000000)
  region size 1024K, 1 young (1024K), 0 survivors (0K)
 Metaspace       used 60297K, committed 60736K, reserved 1114112K
  class space    used 7550K, committed 7744K, reserved 1048576K
}
Event: 38162.059 GC heap after
{Heap after GC invocations=3052 (full 2820):
 garbage-first heap   total 116736K, used 38491K [0x00000000c0000000, 0x0000000100000000)
  region size 1024K, 0 young (0K), 0 survivors (0K)
 Metaspace       used 60297K, committed 60736K, reserved 1114112K
  class space    used 7550K, committed 7744K, reserved 1048576K
}
Event: 38172.448 GC heap before
{Heap before GC invocations=3052 (full 2820):
 garbage-first heap   total 116736K, used 38491K [0x00000000c0000000, 0x0000000100000000)
  region size 1024K, 1 young (1024K), 0 survivors (0K)
 Metaspace       used 60297K, committed 60736K, reserved 1114112K
  class space    used 7550K, committed 7744K, reserved 1048576K
}
Event: 38172.568 GC heap after
{Heap after GC invocations=3053 (full 2821):
 garbage-first heap   total 116736K, used 38491K [0x00000000c0000000, 0x0000000100000000)
  region size 1024K, 0 young (0K), 0 survivors (0K)
 Metaspace       used 60297K, committed 60736K, reserved 1114112K
  class space    used 7550K, committed 7744K, reserved 1048576K
}

