# JRE version: OpenJDK Runtime Environment Temurin-17.0.11+9 (17.0.11+9) (build 17.0.11+9)
# Java VM: OpenJDK 64-Bit Server VM Temurin-17.0.11+9 (17.0.11+9, mixed mode, tiered, compressed oops, compressed class ptrs, parallel gc, windows-amd64)
GC Precious Log:
 CPUs: 8 total, 8 available
 Memory: 6091M
 Large Page Support: Disabled
 NUMA Support: Disabled
 Compressed Oops: Enabled (32-bit)
 Alignments: Space 512K, Generation 512K, Heap 2M
 Heap Min Capacity: 100M
 Heap Initial Capacity: 100M
 Heap Max Capacity: 1G
 Pre-touch: Disabled
 Parallel Workers: 8
Heap:
 PSYoungGen      total 24064K, used 22772K [0x00000000eab00000, 0x00000000ec600000, 0x0000000100000000)
  eden space 23552K, 96% used [0x00000000eab00000,0x00000000ec13d148,0x00000000ec200000)
  from space 512K, 0% used [0x00000000ec280000,0x00000000ec280000,0x00000000ec300000)
  to   space 2048K, 0% used [0x00000000ec400000,0x00000000ec400000,0x00000000ec600000)
 ParOldGen       total 68608K, used 53695K [0x00000000c0000000, 0x00000000c4300000, 0x00000000eab00000)
  object space 68608K, 78% used [0x00000000c0000000,0x00000000c346fdf0,0x00000000c4300000)
 Metaspace       used 69753K, committed 70848K, reserved 1114112K
  class space    used 7473K, committed 7936K, reserved 1048576K
GC Heap History (20 events):
Event: 50.123 GC heap before
{Heap before GC invocations=37 (full 3):
 PSYoungGen      total 23552K, used 23543K [0x00000000eab00000, 0x00000000ec780000, 0x0000000100000000)
  eden space 22016K, 100% used [0x00000000eab00000,0x00000000ec080000,0x00000000ec080000)
  from space 1536K, 99% used [0x00000000ec100000,0x00000000ec27dec8,0x00000000ec280000)
  to   space 3584K, 0% used [0x00000000ec400000,0x00000000ec400000,0x00000000ec780000)
 ParOldGen       total 68608K, used 35847K [0x00000000c0000000, 0x00000000c4300000, 0x00000000eab00000)
  object space 68608K, 52% used [0x00000000c0000000,0x00000000c2301c38,0x00000000c4300000)
 Metaspace       used 66210K, committed 67328K, reserved 1114112K
  class space    used 7178K, committed 7680K, reserved 1048576K
}
Event: 50.132 GC heap after
{Heap after GC invocations=37 (full 3):
 PSYoungGen      total 23552K, used 1068K [0x00000000eab00000, 0x00000000ec580000, 0x0000000100000000)
  eden space 22016K, 0% used [0x00000000eab00000,0x00000000eab00000,0x00000000ec080000)
  from space 1536K, 69% used [0x00000000ec400000,0x00000000ec50b388,0x00000000ec580000)
  to   space 2048K, 0% used [0x00000000ec180000,0x00000000ec180000,0x00000000ec380000)
 ParOldGen       total 68608K, used 36789K [0x00000000c0000000, 0x00000000c4300000, 0x00000000eab00000)
  object space 68608K, 53% used [0x00000000c0000000,0x00000000c23ed6b0,0x00000000c4300000)
 Metaspace       used 66210K, committed 67328K, reserved 1114112K
  class space    used 7178K, committed 7680K, reserved 1048576K
}
Event: 51.068 GC heap before
{Heap before GC invocations=38 (full 3):
 PSYoungGen      total 23552K, used 23084K [0x00000000eab00000, 0x00000000ec580000, 0x0000000100000000)
  eden space 22016K, 100% used [0x00000000eab00000,0x00000000ec080000,0x00000000ec080000)
  from space 1536K, 69% used [0x00000000ec400000,0x00000000ec50b388,0x00000000ec580000)
  to   space 2048K, 0% used [0x00000000ec180000,0x00000000ec180000,0x00000000ec380000)
 ParOldGen       total 68608K, used 36789K [0x00000000c0000000, 0x00000000c4300000, 0x00000000eab00000)
  object space 68608K, 53% used [0x00000000c0000000,0x00000000c23ed6b0,0x00000000c4300000)
 Metaspace       used 68602K, committed 69824K, reserved 1114112K
  class space    used 7398K, committed 7936K, reserved 1048576K
}
Event: 51.070 GC heap after
{Heap after GC invocations=38 (full 3):
 PSYoungGen      total 23040K, used 832K [0x00000000eab00000, 0x00000000ec480000, 0x0000000100000000)
  eden space 22016K, 0% used [0x00000000eab00000,0x00000000eab00000,0x00000000ec080000)
  from space 1024K, 81% used [0x00000000ec180000,0x00000000ec250000,0x00000000ec280000)
  to   space 1536K, 0% used [0x00000000ec300000,0x00000000ec300000,0x00000000ec480000)
 ParOldGen       total 68608K, used 36877K [0x00000000c0000000, 0x00000000c4300000, 0x00000000eab00000)
  object space 68608K, 53% used [0x00000000c0000000,0x00000000c24036b0,0x00000000c4300000)
 Metaspace       used 68602K, committed 69824K, reserved 1114112K
  class space    used 7398K, committed 7936K, reserved 1048576K
}
Event: 51.767 GC heap before
{Heap before GC invocations=39 (full 3):
 PSYoungGen      total 23040K, used 22848K [0x00000000eab00000, 0x00000000ec480000, 0x0000000100000000)
  eden space 22016K, 100% used [0x00000000eab00000,0x00000000ec080000,0x00000000ec080000)
  from space 1024K, 81% used [0x00000000ec180000,0x00000000ec250000,0x00000000ec280000)
  to   space 1536K, 0% used [0x00000000ec300000,0x00000000ec300000,0x00000000ec480000)
 ParOldGen       total 68608K, used 36877K [0x00000000c0000000, 0x00000000c4300000, 0x00000000eab00000)
  object space 68608K, 53% used [0x00000000c0000000,0x00000000c24036b0,0x00000000c4300000)
 Metaspace       used 69552K, committed 70720K, reserved 1114112K
  class space    used 7457K, committed 7936K, reserved 1048576K
}
Event: 51.772 GC heap after
{Heap after GC invocations=39 (full 3):
 PSYoungGen      total 23552K, used 1504K [0x00000000eab00000, 0x00000000ec580000, 0x0000000100000000)
  eden space 22016K, 0% used [0x00000000eab00000,0x00000000eab00000,0x00000000ec080000)
  from space 1536K, 97% used [0x00000000ec300000,0x00000000ec478060,0x00000000ec480000)
  to   space 2560K, 0% used [0x00000000ec080000,0x00000000ec080000,0x00000000ec300000)
 ParOldGen       total 68608K, used 37622K [0x00000000c0000000, 0x00000000c4300000, 0x00000000eab00000)
  object space 68608K, 54% used [0x00000000c0000000,0x00000000c24bd950,0x00000000c4300000)
 Metaspace       used 69552K, committed 70720K, reserved 1114112K
  class space    used 7457K, committed 7936K, reserved 1048576K
}
Event: 51.994 GC heap before
{Heap before GC invocations=40 (full 3):
 PSYoungGen      total 23552K, used 23520K [0x00000000eab00000, 0x00000000ec580000, 0x0000000100000000)
  eden space 22016K, 100% used [0x00000000eab00000,0x00000000ec080000,0x00000000ec080000)
  from space 1536K, 97% used [0x00000000ec300000,0x00000000ec478060,0x00000000ec480000)
  to   space 2560K, 0% used [0x00000000ec080000,0x00000000ec080000,0x00000000ec300000)
 ParOldGen       total 68608K, used 37622K [0x00000000c0000000, 0x00000000c4300000, 0x00000000eab00000)
  object space 68608K, 54% used [0x00000000c0000000,0x00000000c24bd950,0x00000000c4300000)
 Metaspace       used 69612K, committed 70784K, reserved 1114112K
  class space    used 7466K, committed 7936K, reserved 1048576K
}
Event: 52.000 GC heap after
{Heap after GC invocations=40 (full 3):
 PSYoungGen      total 24576K, used 2553K [0x00000000eab00000, 0x00000000ecd80000, 0x0000000100000000)
  eden space 22016K, 0% used [0x00000000eab00000,0x00000000eab00000,0x00000000ec080000)
  from space 2560K, 99% used [0x00000000ec080000,0x00000000ec2fe790,0x00000000ec300000)
  to   space 6656K, 0% used [0x00000000ec700000,0x00000000ec700000,0x00000000ecd80000)
 ParOldGen       total 68608K, used 40675K [0x00000000c0000000, 0x00000000c4300000, 0x00000000eab00000)
  object space 68608K, 59% used [0x00000000c0000000,0x00000000c27b8d68,0x00000000c4300000)
 Metaspace       used 69612K, committed 70784K, reserved 1114112K
  class space    used 7466K, committed 7936K, reserved 1048576K
}
Event: 52.144 GC heap before
{Heap before GC invocations=41 (full 3):
 PSYoungGen      total 24576K, used 24569K [0x00000000eab00000, 0x00000000ecd80000, 0x0000000100000000)
  eden space 22016K, 100% used [0x00000000eab00000,0x00000000ec080000,0x00000000ec080000)
  from space 2560K, 99% used [0x00000000ec080000,0x00000000ec2fe790,0x00000000ec300000)
  to   space 6656K, 0% used [0x00000000ec700000,0x00000000ec700000,0x00000000ecd80000)
 ParOldGen       total 68608K, used 40675K [0x00000000c0000000, 0x00000000c4300000, 0x00000000eab00000)
  object space 68608K, 59% used [0x00000000c0000000,0x00000000c27b8df8,0x00000000c4300000)
 Metaspace       used 69681K, committed 70848K, reserved 1114112K
  class space    used 7469K, committed 7936K, reserved 1048576K
}
Event: 52.152 GC heap after
{Heap after GC invocations=41 (full 3):
 PSYoungGen      total 28160K, used 5870K [0x00000000eab00000, 0x00000000ecd00000, 0x0000000100000000)
  eden space 22016K, 0% used [0x00000000eab00000,0x00000000eab00000,0x00000000ec080000)
  from space 6144K, 95% used [0x00000000ec700000,0x00000000eccbbb30,0x00000000ecd00000)
  to   space 6144K, 0% used [0x00000000ec100000,0x00000000ec100000,0x00000000ec700000)
 ParOldGen       total 68608K, used 41747K [0x00000000c0000000, 0x00000000c4300000, 0x00000000eab00000)
  object space 68608K, 60% used [0x00000000c0000000,0x00000000c28c4e08,0x00000000c4300000)
 Metaspace       used 69681K, committed 70848K, reserved 1114112K
  class space    used 7469K, committed 7936K, reserved 1048576K
}
Event: 52.255 GC heap before
{Heap before GC invocations=42 (full 3):
 PSYoungGen      total 28160K, used 27886K [0x00000000eab00000, 0x00000000ecd00000, 0x0000000100000000)
  eden space 22016K, 100% used [0x00000000eab00000,0x00000000ec080000,0x00000000ec080000)
  from space 6144K, 95% used [0x00000000ec700000,0x00000000eccbbb30,0x00000000ecd00000)
  to   space 6144K, 0% used [0x00000000ec100000,0x00000000ec100000,0x00000000ec700000)
 ParOldGen       total 68608K, used 41751K [0x00000000c0000000, 0x00000000c4300000, 0x00000000eab00000)
  object space 68608K, 60% used [0x00000000c0000000,0x00000000c28c5e78,0x00000000c4300000)
 Metaspace       used 69681K, committed 70848K, reserved 1114112K
  class space    used 7469K, committed 7936K, reserved 1048576K
}
Event: 52.272 GC heap after
{Heap after GC invocations=42 (full 3):
 PSYoungGen      total 23552K, used 1088K [0x00000000eab00000, 0x00000000ec780000, 0x0000000100000000)
  eden space 22016K, 0% used [0x00000000eab00000,0x00000000eab00000,0x00000000ec080000)
  from space 1536K, 70% used [0x00000000ec100000,0x00000000ec210000,0x00000000ec280000)
  to   space 3072K, 0% used [0x00000000ec480000,0x00000000ec480000,0x00000000ec780000)
 ParOldGen       total 68608K, used 53237K [0x00000000c0000000, 0x00000000c4300000, 0x00000000eab00000)
  object space 68608K, 77% used [0x00000000c0000000,0x00000000c33fd628,0x00000000c4300000)
 Metaspace       used 69681K, committed 70848K, reserved 1114112K
  class space    used 7469K, committed 7936K, reserved 1048576K
}
Event: 52.415 GC heap before
{Heap before GC invocations=43 (full 4):
 PSYoungGen      total 23552K, used 23104K [0x00000000eab00000, 0x00000000ec780000, 0x0000000100000000)
  eden space 22016K, 100% used [0x00000000eab00000,0x00000000ec080000,0x00000000ec080000)
  from space 1536K, 70% used [0x00000000ec100000,0x00000000ec210000,0x00000000ec280000)
  to   space 3072K, 0% used [0x00000000ec480000,0x00000000ec480000,0x00000000ec780000)
 ParOldGen       total 68608K, used 68557K [0x00000000c0000000, 0x00000000c4300000, 0x00000000eab00000)
  object space 68608K, 99% used [0x00000000c0000000,0x00000000c42f3638,0x00000000c4300000)
 Metaspace       used 69681K, committed 70848K, reserved 1114112K
  class space    used 7469K, committed 7936K, reserved 1048576K
}
Event: 52.619 GC heap after
{Heap after GC invocations=43 (full 4):
 PSYoungGen      total 24064K, used 0K [0x00000000eab00000, 0x00000000ec680000, 0x0000000100000000)
  eden space 22016K, 0% used [0x00000000eab00000,0x00000000eab00000,0x00000000ec080000)
  from space 2048K, 0% used [0x00000000ec480000,0x00000000ec480000,0x00000000ec680000)
  to   space 3072K, 0% used [0x00000000ec080000,0x00000000ec080000,0x00000000ec380000)
 ParOldGen       total 68608K, used 58008K [0x00000000c0000000, 0x00000000c4300000, 0x00000000eab00000)
  object space 68608K, 84% used [0x00000000c0000000,0x00000000c38a61c0,0x00000000c4300000)
 Metaspace       used 69681K, committed 70848K, reserved 1114112K
  class space    used 7469K, committed 7936K, reserved 1048576K
}
Event: 52.742 GC heap before
{Heap before GC invocations=44 (full 5):
 PSYoungGen      total 24064K, used 22016K [0x00000000eab00000, 0x00000000ec680000, 0x0000000100000000)
  eden space 22016K, 100% used [0x00000000eab00000,0x00000000ec080000,0x00000000ec080000)
  from space 2048K, 0% used [0x00000000ec480000,0x00000000ec480000,0x00000000ec680000)
  to   space 3072K, 0% used [0x00000000ec080000,0x00000000ec080000,0x00000000ec380000)
 ParOldGen       total 68608K, used 58008K [0x00000000c0000000, 0x00000000c4300000, 0x00000000eab00000)
  object space 68608K, 84% used [0x00000000c0000000,0x00000000c38a61c0,0x00000000c4300000)
 Metaspace       used 69683K, committed 70848K, reserved 1114112K
  class space    used 7470K, committed 7936K, reserved 1048576K
}
Event: 52.859 GC heap after
{Heap after GC invocations=44 (full 5):
 PSYoungGen      total 25088K, used 0K [0x00000000eab00000, 0x00000000ec780000, 0x0000000100000000)
  eden space 22016K, 0% used [0x00000000eab00000,0x00000000eab00000,0x00000000ec080000)
  from space 3072K, 0% used [0x00000000ec080000,0x00000000ec080000,0x00000000ec380000)
  to   space 3072K, 0% used [0x00000000ec480000,0x00000000ec480000,0x00000000ec780000)
 ParOldGen       total 68608K, used 53613K [0x00000000c0000000, 0x00000000c4300000, 0x00000000eab00000)
  object space 68608K, 78% used [0x00000000c0000000,0x00000000c345b5c8,0x00000000c4300000)
 Metaspace       used 69683K, committed 70848K, reserved 1114112K
  class space    used 7470K, committed 7936K, reserved 1048576K
}
Event: 52.921 GC heap before
{Heap before GC invocations=45 (full 5):
 PSYoungGen      total 25088K, used 22016K [0x00000000eab00000, 0x00000000ec780000, 0x0000000100000000)
  eden space 22016K, 100% used [0x00000000eab00000,0x00000000ec080000,0x00000000ec080000)
  from space 3072K, 0% used [0x00000000ec080000,0x00000000ec080000,0x00000000ec380000)
  to   space 3072K, 0% used [0x00000000ec480000,0x00000000ec480000,0x00000000ec780000)
 ParOldGen       total 68608K, used 53613K [0x00000000c0000000, 0x00000000c4300000, 0x00000000eab00000)
  object space 68608K, 78% used [0x00000000c0000000,0x00000000c345b5c8,0x00000000c4300000)
 Metaspace       used 69695K, committed 70848K, reserved 1114112K
  class space    used 7471K, committed 7936K, reserved 1048576K
}
Event: 52.927 GC heap after
{Heap after GC invocations=45 (full 5):
 PSYoungGen      total 25088K, used 1728K [0x00000000eab00000, 0x00000000ec680000, 0x0000000100000000)
  eden space 23040K, 0% used [0x00000000eab00000,0x00000000eab00000,0x00000000ec180000)
  from space 2048K, 84% used [0x00000000ec480000,0x00000000ec630000,0x00000000ec680000)
  to   space 2048K, 0% used [0x00000000ec280000,0x00000000ec280000,0x00000000ec480000)
 ParOldGen       total 68608K, used 64622K [0x00000000c0000000, 0x00000000c4300000, 0x00000000eab00000)
  object space 68608K, 94% used [0x00000000c0000000,0x00000000c3f1bb68,0x00000000c4300000)
 Metaspace       used 69695K, committed 70848K, reserved 1114112K
  class space    used 7471K, committed 7936K, reserved 1048576K
}
Event: 52.927 GC heap before
{Heap before GC invocations=46 (full 6):
 PSYoungGen      total 25088K, used 1728K [0x00000000eab00000, 0x00000000ec680000, 0x0000000100000000)
  eden space 23040K, 0% used [0x00000000eab00000,0x00000000eab00000,0x00000000ec180000)
  from space 2048K, 84% used [0x00000000ec480000,0x00000000ec630000,0x00000000ec680000)
  to   space 2048K, 0% used [0x00000000ec280000,0x00000000ec280000,0x00000000ec480000)
 ParOldGen       total 68608K, used 64622K [0x00000000c0000000, 0x00000000c4300000, 0x00000000eab00000)
  object space 68608K, 94% used [0x00000000c0000000,0x00000000c3f1bb68,0x00000000c4300000)
 Metaspace       used 69695K, committed 70848K, reserved 1114112K
  class space    used 7471K, committed 7936K, reserved 1048576K
}
Event: 53.040 GC heap after
{Heap after GC invocations=46 (full 6):
 PSYoungGen      total 24064K, used 0K [0x00000000eab00000, 0x00000000ec600000, 0x0000000100000000)
  eden space 23552K, 0% used [0x00000000eab00000,0x00000000eab00000,0x00000000ec200000)
  from space 512K, 0% used [0x00000000ec280000,0x00000000ec280000,0x00000000ec300000)
  to   space 2048K, 0% used [0x00000000ec400000,0x00000000ec400000,0x00000000ec600000)
 ParOldGen       total 68608K, used 53695K [0x00000000c0000000, 0x00000000c4300000, 0x00000000eab00000)
  object space 68608K, 78% used [0x00000000c0000000,0x00000000c346fdf0,0x00000000c4300000)
 Metaspace       used 69695K, committed 70848K, reserved 1114112K
  class space    used 7471K, committed 7936K, reserved 1048576K
}

