# JRE version: OpenJDK Runtime Environment Temurin-17.0.11+9 (17.0.11+9) (build 17.0.11+9)
# Java VM: OpenJDK 64-Bit Server VM Temurin-17.0.11+9 (17.0.11+9, mixed mode, emulated-client, tiered, compressed oops, compressed class ptrs, g1 gc, windows-amd64)
GC Precious Log:
 CPUs: 8 total, 8 available
 Memory: 6091M
 Large Page Support: Disabled
 NUMA Support: Disabled
 Compressed Oops: Enabled (32-bit)
 Heap Region Size: 1M
 Heap Min Capacity: 8M
 Heap Initial Capacity: 96M
 Heap Max Capacity: 1G
 Pre-touch: Disabled
 Parallel Workers: 8
 Concurrent Workers: 2
 Concurrent Refinement Workers: 8
 Periodic GC: Disabled
Heap:
 garbage-first heap   total 109568K, used 36202K [0x00000000c0000000, 0x0000000100000000)
  region size 1024K, 1 young (1024K), 0 survivors (0K)
 Metaspace       used 59936K, committed 60480K, reserved 1114112K
  class space    used 7517K, committed 7744K, reserved 1048576K
GC Heap History (20 events):
Event: 98340.541 GC heap before
{Heap before GC invocations=5509 (full 5304):
 garbage-first heap   total 109568K, used 36202K [0x00000000c0000000, 0x0000000100000000)
  region size 1024K, 1 young (1024K), 0 survivors (0K)
 Metaspace       used 59936K, committed 60480K, reserved 1114112K
  class space    used 7517K, committed 7744K, reserved 1048576K
}
Event: 98340.638 GC heap after
{Heap after GC invocations=5510 (full 5305):
 garbage-first heap   total 109568K, used 36202K [0x00000000c0000000, 0x0000000100000000)
  region size 1024K, 0 young (0K), 0 survivors (0K)
 Metaspace       used 59936K, committed 60480K, reserved 1114112K
  class space    used 7517K, committed 7744K, reserved 1048576K
}
Event: 98350.874 GC heap before
{Heap before GC invocations=5510 (full 5305):
 garbage-first heap   total 109568K, used 36202K [0x00000000c0000000, 0x0000000100000000)
  region size 1024K, 1 young (1024K), 0 survivors (0K)
 Metaspace       used 59936K, committed 60480K, reserved 1114112K
  class space    used 7517K, committed 7744K, reserved 1048576K
}
Event: 98350.931 GC heap after
{Heap after GC invocations=5511 (full 5306):
 garbage-first heap   total 109568K, used 36202K [0x00000000c0000000, 0x0000000100000000)
  region size 1024K, 0 young (0K), 0 survivors (0K)
 Metaspace       used 59936K, committed 60480K, reserved 1114112K
  class space    used 7517K, committed 7744K, reserved 1048576K
}
Event: 98361.246 GC heap before
{Heap before GC invocations=5511 (full 5306):
 garbage-first heap   total 109568K, used 36202K [0x00000000c0000000, 0x0000000100000000)
  region size 1024K, 1 young (1024K), 0 survivors (0K)
 Metaspace       used 59936K, committed 60480K, reserved 1114112K
  class space    used 7517K, committed 7744K, reserved 1048576K
}
Event: 98361.315 GC heap after
{Heap after GC invocations=5512 (full 5307):
 garbage-first heap   total 109568K, used 36202K [0x00000000c0000000, 0x0000000100000000)
  region size 1024K, 0 young (0K), 0 survivors (0K)
 Metaspace       used 59936K, committed 60480K, reserved 1114112K
  class space    used 7517K, committed 7744K, reserved 1048576K
}
Event: 98372.870 GC heap before
{Heap before GC invocations=5512 (full 5307):
 garbage-first heap   total 109568K, used 36202K [0x00000000c0000000, 0x0000000100000000)
  region size 1024K, 1 young (1024K), 0 survivors (0K)
 Metaspace       used 59936K, committed 60480K, reserved 1114112K
  class space    used 7517K, committed 7744K, reserved 1048576K
}
Event: 98372.972 GC heap after
{Heap after GC invocations=5513 (full 5308):
 garbage-first heap   total 109568K, used 36202K [0x00000000c0000000, 0x0000000100000000)
  region size 1024K, 0 young (0K), 0 survivors (0K)
 Metaspace       used 59936K, committed 60480K, reserved 1114112K
  class space    used 7517K, committed 7744K, reserved 1048576K
}
Event: 98387.123 GC heap before
{Heap before GC invocations=5513 (full 5308):
 garbage-first heap   total 109568K, used 36202K [0x00000000c0000000, 0x0000000100000000)
  region size 1024K, 1 young (1024K), 0 survivors (0K)
 Metaspace       used 59936K, committed 60480K, reserved 1114112K
  class space    used 7517K, committed 7744K, reserved 1048576K
}
Event: 98387.242 GC heap after
{Heap after GC invocations=5514 (full 5309):
 garbage-first heap   total 109568K, used 36202K [0x00000000c0000000, 0x0000000100000000)
  region size 1024K, 0 young (0K), 0 survivors (0K)
 Metaspace       used 59936K, committed 60480K, reserved 1114112K
  class space    used 7517K, committed 7744K, reserved 1048576K
}
Event: 98397.665 GC heap before
{Heap before GC invocations=5514 (full 5309):
 garbage-first heap   total 109568K, used 36202K [0x00000000c0000000, 0x0000000100000000)
  region size 1024K, 1 young (1024K), 0 survivors (0K)
 Metaspace       used 59936K, committed 60480K, reserved 1114112K
  class space    used 7517K, committed 7744K, reserved 1048576K
}
Event: 98397.761 GC heap after
{Heap after GC invocations=5515 (full 5310):
 garbage-first heap   total 109568K, used 36202K [0x00000000c0000000, 0x0000000100000000)
  region size 1024K, 0 young (0K), 0 survivors (0K)
 Metaspace       used 59936K, committed 60480K, reserved 1114112K
  class space    used 7517K, committed 7744K, reserved 1048576K
}
Event: 98408.271 GC heap before
{Heap before GC invocations=5515 (full 5310):
 garbage-first heap   total 109568K, used 36202K [0x00000000c0000000, 0x0000000100000000)
  region size 1024K, 1 young (1024K), 0 survivors (0K)
 Metaspace       used 59936K, committed 60480K, reserved 1114112K
  class space    used 7517K, committed 7744K, reserved 1048576K
}
Event: 98408.574 GC heap after
{Heap after GC invocations=5516 (full 5311):
 garbage-first heap   total 109568K, used 36202K [0x00000000c0000000, 0x0000000100000000)
  region size 1024K, 0 young (0K), 0 survivors (0K)
 Metaspace       used 59936K, committed 60480K, reserved 1114112K
  class space    used 7517K, committed 7744K, reserved 1048576K
}
Event: 98418.958 GC heap before
{Heap before GC invocations=5516 (full 5311):
 garbage-first heap   total 109568K, used 36202K [0x00000000c0000000, 0x0000000100000000)
  region size 1024K, 1 young (1024K), 0 survivors (0K)
 Metaspace       used 59936K, committed 60480K, reserved 1114112K
  class space    used 7517K, committed 7744K, reserved 1048576K
}
Event: 98419.026 GC heap after
{Heap after GC invocations=5517 (full 5312):
 garbage-first heap   total 109568K, used 36202K [0x00000000c0000000, 0x0000000100000000)
  region size 1024K, 0 young (0K), 0 survivors (0K)
 Metaspace       used 59936K, committed 60480K, reserved 1114112K
  class space    used 7517K, committed 7744K, reserved 1048576K
}
Event: 98429.272 GC heap before
{Heap before GC invocations=5517 (full 5312):
 garbage-first heap   total 109568K, used 36202K [0x00000000c0000000, 0x0000000100000000)
  region size 1024K, 1 young (1024K), 0 survivors (0K)
 Metaspace       used 59936K, committed 60480K, reserved 1114112K
  class space    used 7517K, committed 7744K, reserved 1048576K
}
Event: 98429.325 GC heap after
{Heap after GC invocations=5518 (full 5313):
 garbage-first heap   total 109568K, used 36202K [0x00000000c0000000, 0x0000000100000000)
  region size 1024K, 0 young (0K), 0 survivors (0K)
 Metaspace       used 59936K, committed 60480K, reserved 1114112K
  class space    used 7517K, committed 7744K, reserved 1048576K
}
Event: 98439.588 GC heap before
{Heap before GC invocations=5518 (full 5313):
 garbage-first heap   total 109568K, used 36202K [0x00000000c0000000, 0x0000000100000000)
  region size 1024K, 1 young (1024K), 0 survivors (0K)
 Metaspace       used 59936K, committed 60480K, reserved 1114112K
  class space    used 7517K, committed 7744K, reserved 1048576K
}
Event: 98439.651 GC heap after
{Heap after GC invocations=5519 (full 5314):
 garbage-first heap   total 109568K, used 36202K [0x00000000c0000000, 0x0000000100000000)
  region size 1024K, 0 young (0K), 0 survivors (0K)
 Metaspace       used 59936K, committed 60480K, reserved 1114112K
  class space    used 7517K, committed 7744K, reserved 1048576K
}

